#
# There is insufficient memory for the Java Runtime Environment to continue.
# Native memory allocation (malloc) failed to allocate 32744 bytes for Chunk::new
# Possible reasons:
#   The system is out of physical RAM or swap space
#   The process is running with CompressedOops enabled, and the Java Heap may be blocking the growth of the native heap
# Possible solutions:
#   Reduce memory load on the system
#   Increase physical memory or swap space
#   Check if swap backing store is full
#   Decrease Java heap size (-Xmx/-Xms)
#   Decrease number of Java threads
#   Decrease Java thread stack sizes (-Xss)
#   Set larger code cache with -XX:ReservedCodeCacheSize=
#   JVM is running with Unscaled Compressed Oops mode in which the Java heap is
#     placed in the first 4GB address space. The Java Heap base address is the
#     maximum limit for the native heap growth. Please use -XX:HeapBaseMinAddress
#     to set the Java Heap base and to place the Java Heap above 4GB virtual address.
# This output file may be truncated or incomplete.
#
#  Out of Memory Error (arena.cpp:184), pid=10964, tid=12272
#
# JRE version: Java(TM) SE Runtime Environment (19.0.1+10) (build 19.0.1+10-21)
# Java VM: Java HotSpot(TM) 64-Bit Server VM (19.0.1+10-21, mixed mode, sharing, tiered, compressed oops, compressed class ptrs, g1 gc, windows-amd64)
# No core dump will be written. Minidumps are not enabled by default on client versions of Windows
#

---------------  S U M M A R Y ------------

Command Line: -Dfile.encoding=windows-1252 -XX:+ShowCodeDetailsInExceptionMessages bank_management_system.waitPage

Host: Intel(R) Core(TM) i3-7020U CPU @ 2.30GHz, 4 cores, 7G,  Windows 10 , 64 bit Build 19041 (10.0.19041.3636)
Time: Fri Dec  1 00:45:18 2023 India Standard Time elapsed time: 2164.575144 seconds (0d 0h 36m 4s)

---------------  T H R E A D  ---------------

Current thread (0x000001d1c8111980):  JavaThread "C2 CompilerThread0" daemon [_thread_in_native, id=12272, stack(0x0000006304000000,0x0000006304100000)]


Current CompileTask:
C2:2164575 1386       4       java.util.HashMap::get (19 bytes)

Stack: [0x0000006304000000,0x0000006304100000]
Native frames: (J=compiled Java code, j=interpreted, Vv=VM code, C=native code)
V  [jvm.dll+0x6ee8fa]
V  [jvm.dll+0x857a1e]
V  [jvm.dll+0x85940e]
V  [jvm.dll+0x859ac3]
V  [jvm.dll+0x28291f]
V  [jvm.dll+0xc9b5f]
V  [jvm.dll+0xc9ee5]
V  [jvm.dll+0x719e19]
V  [jvm.dll+0x1ee3e7]
V  [jvm.dll+0x24c41b]
V  [jvm.dll+0x24b671]
V  [jvm.dll+0x1d6d61]
V  [jvm.dll+0x25b0fa]
V  [jvm.dll+0x259588]
V  [jvm.dll+0x807928]
V  [jvm.dll+0x8015fa]
V  [jvm.dll+0x6ed5eb]
C  [ucrtbase.dll+0x21bb2]
C  [KERNEL32.DLL+0x17344]
C  [ntdll.dll+0x526b1]


---------------  P R O C E S S  ---------------

Threads class SMR info:
_java_thread_list=0x000001d1cdc17db0, length=17, elements={
0x000001d1c8103df0, 0x000001d1c8107330, 0x000001d1c81092b0, 0x000001d1c810d000,
0x000001d1c810b4d0, 0x000001d1c810dad0, 0x000001d1c8111980, 0x000001d1c8117660,
0x000001d1c8154b40, 0x000001d1cc4d5d60, 0x000001d1cc4e2740, 0x000001d1cc5877f0,
0x000001d1cc6c1510, 0x000001d1cc6c1a50, 0x000001d1cc7ccdb0, 0x000001d1cdc15da0,
0x000001d1cdc13320
}

Java Threads: ( => current thread )
  0x000001d1c8103df0 JavaThread "Reference Handler" daemon [_thread_blocked, id=21116, stack(0x0000006303a00000,0x0000006303b00000)]
  0x000001d1c8107330 JavaThread "Finalizer" daemon [_thread_blocked, id=8256, stack(0x0000006303b00000,0x0000006303c00000)]
  0x000001d1c81092b0 JavaThread "Signal Dispatcher" daemon [_thread_blocked, id=13152, stack(0x0000006303c00000,0x0000006303d00000)]
  0x000001d1c810d000 JavaThread "Attach Listener" daemon [_thread_blocked, id=15592, stack(0x0000006303d00000,0x0000006303e00000)]
  0x000001d1c810b4d0 JavaThread "Service Thread" daemon [_thread_blocked, id=12544, stack(0x0000006303e00000,0x0000006303f00000)]
  0x000001d1c810dad0 JavaThread "Monitor Deflation Thread" daemon [_thread_blocked, id=21724, stack(0x0000006303f00000,0x0000006304000000)]
=>0x000001d1c8111980 JavaThread "C2 CompilerThread0" daemon [_thread_in_native, id=12272, stack(0x0000006304000000,0x0000006304100000)]
  0x000001d1c8117660 JavaThread "C1 CompilerThread0" daemon [_thread_blocked, id=22576, stack(0x0000006304100000,0x0000006304200000)]
  0x000001d1c8154b40 JavaThread "Sweeper thread" daemon [_thread_blocked, id=10012, stack(0x0000006304200000,0x0000006304300000)]
  0x000001d1cc4d5d60 JavaThread "Notification Thread" daemon [_thread_blocked, id=18060, stack(0x0000006304300000,0x0000006304400000)]
  0x000001d1cc4e2740 JavaThread "Common-Cleaner" daemon [_thread_blocked, id=18592, stack(0x0000006304500000,0x0000006304600000)]
  0x000001d1cc5877f0 JavaThread "Java2D Disposer" daemon [_thread_blocked, id=8740, stack(0x0000006304600000,0x0000006304700000)]
  0x000001d1cc6c1510 JavaThread "AWT-Shutdown" [_thread_blocked, id=3012, stack(0x0000006304700000,0x0000006304800000)]
  0x000001d1cc6c1a50 JavaThread "AWT-Windows" daemon [_thread_in_native, id=23344, stack(0x0000006304800000,0x0000006304900000)]
  0x000001d1cc7ccdb0 JavaThread "AWT-EventQueue-0" [_thread_blocked, id=14896, stack(0x0000006304b00000,0x0000006304c00000)]
  0x000001d1cdc15da0 JavaThread "DestroyJavaVM" [_thread_blocked, id=9268, stack(0x0000006303200000,0x0000006303300000)]
  0x000001d1cdc13320 JavaThread "TimerQueue" daemon [_thread_blocked, id=12092, stack(0x0000006304c00000,0x0000006304d00000)]

Other Threads:
  0x000001d1c80d6850 VMThread "VM Thread" [stack: 0x0000006303800000,0x0000006303900000] [id=15020]
  0x000001d1cc4e02d0 WatcherThread "VM Periodic Task Thread" [stack: 0x0000006304400000,0x0000006304500000] [id=20448]
  0x000001d1aa1ca1f0 WorkerThread "GC Thread#0" [stack: 0x0000006303300000,0x0000006303400000] [id=11948]
  0x000001d1cdc2c5b0 WorkerThread "GC Thread#1" [stack: 0x0000006304d00000,0x0000006304e00000] [id=13332]
  0x000001d1cdc2c880 WorkerThread "GC Thread#2" [stack: 0x0000006304e00000,0x0000006304f00000] [id=20324]
  0x000001d1cdc2e6e0 WorkerThread "GC Thread#3" [stack: 0x0000006304f00000,0x0000006305000000] [id=16388]
  0x000001d1aa1dcaf0 ConcurrentGCThread "G1 Main Marker" [stack: 0x0000006303400000,0x0000006303500000] [id=19680]
  0x000001d1aa1de440 WorkerThread "G1 Conc#0" [stack: 0x0000006303500000,0x0000006303600000] [id=23368]
  0x000001d1c7f930c0 ConcurrentGCThread "G1 Refine#0" [stack: 0x0000006303600000,0x0000006303700000] [id=22716]
  0x000001d1c7f95a20 ConcurrentGCThread "G1 Service" [stack: 0x0000006303700000,0x0000006303800000] [id=21412]

Threads with active compile tasks:
C2 CompilerThread0  2164634 1386       4       java.util.HashMap::get (19 bytes)

VM state: not at safepoint (normal execution)

VM Mutex/Monitor currently owned by a thread: None

Heap address: 0x0000000081600000, size: 2026 MB, Compressed Oops mode: 32-bit

CDS archive(s) mapped at: [0x0000000800000000-0x0000000800c40000-0x0000000800c40000), size 12845056, SharedBaseAddress: 0x0000000800000000, ArchiveRelocationMode: 0.
Compressed class space mapped at: 0x0000000801000000-0x0000000841000000, reserved size: 1073741824
Narrow klass base: 0x0000000800000000, Narrow klass shift: 0, Narrow klass range: 0x100000000

GC Precious Log:
 CardTable entry size: 512
 Card Set container configuration: InlinePtr #cards 5 size 8 Array Of Cards #cards 12 size 40 Howl #buckets 4 coarsen threshold 1843 Howl Bitmap #cards 512 size 80 coarsen threshold 460 Card regions per heap region 1 cards per card region 2048
 CPUs: 4 total, 4 available
 Memory: 8103M
 Large Page Support: Disabled
 NUMA Support: Disabled
 Compressed Oops: Enabled (32-bit)
 Heap Region Size: 1M
 Heap Min Capacity: 8M
 Heap Initial Capacity: 128M
 Heap Max Capacity: 2026M
 Pre-touch: Disabled
 Parallel Workers: 4
 Concurrent Workers: 1
 Concurrent Refinement Workers: 4
 Periodic GC: Disabled

Heap:
 garbage-first heap   total 131072K, used 17251K [0x0000000081600000, 0x0000000100000000)
  region size 1024K, 8 young (8192K), 2 survivors (2048K)
 Metaspace       used 8480K, committed 8768K, reserved 1114112K
  class space    used 907K, committed 1024K, reserved 1048576K

Heap Regions: E=young(eden), S=young(survivor), O=old, HS=humongous(starts), HC=humongous(continues), CS=collection set, F=free, OA=open archive, CA=closed archive, TAMS=top-at-mark-start (previous, next)
|   0|0x0000000081600000, 0x0000000081700000, 0x0000000081700000|100%|HS|  |TAMS 0x0000000081600000, 0x0000000081600000| Complete 
|   1|0x0000000081700000, 0x0000000081800000, 0x0000000081800000|100%|HC|  |TAMS 0x0000000081700000, 0x0000000081700000| Complete 
|   2|0x0000000081800000, 0x0000000081900000, 0x0000000081900000|100%|HC|  |TAMS 0x0000000081800000, 0x0000000081800000| Complete 
|   3|0x0000000081900000, 0x0000000081a00000, 0x0000000081a00000|100%| O|  |TAMS 0x0000000081900000, 0x0000000081900000| Untracked 
|   4|0x0000000081a00000, 0x0000000081ad8e00, 0x0000000081b00000| 84%| O|  |TAMS 0x0000000081a00000, 0x0000000081a00000| Untracked 
|   5|0x0000000081b00000, 0x0000000081c00000, 0x0000000081c00000|100%|HS|  |TAMS 0x0000000081b00000, 0x0000000081b00000| Complete 
|   6|0x0000000081c00000, 0x0000000081d00000, 0x0000000081d00000|100%|HC|  |TAMS 0x0000000081c00000, 0x0000000081c00000| Complete 
|   7|0x0000000081d00000, 0x0000000081e00000, 0x0000000081e00000|100%|HS|  |TAMS 0x0000000081d00000, 0x0000000081d00000| Complete 
|   8|0x0000000081e00000, 0x0000000081f00000, 0x0000000081f00000|100%|HC|  |TAMS 0x0000000081e00000, 0x0000000081e00000| Complete 
|   9|0x0000000081f00000, 0x0000000082000000, 0x0000000082000000|100%|HC|  |TAMS 0x0000000081f00000, 0x0000000081f00000| Complete 
|  10|0x0000000082000000, 0x0000000082000000, 0x0000000082100000|  0%| F|  |TAMS 0x0000000082000000, 0x0000000082000000| Untracked 
|  11|0x0000000082100000, 0x0000000082100000, 0x0000000082200000|  0%| F|  |TAMS 0x0000000082100000, 0x0000000082100000| Untracked 
|  12|0x0000000082200000, 0x0000000082200000, 0x0000000082300000|  0%| F|  |TAMS 0x0000000082200000, 0x0000000082200000| Untracked 
|  13|0x0000000082300000, 0x0000000082300000, 0x0000000082400000|  0%| F|  |TAMS 0x0000000082300000, 0x0000000082300000| Untracked 
|  14|0x0000000082400000, 0x0000000082400000, 0x0000000082500000|  0%| F|  |TAMS 0x0000000082400000, 0x0000000082400000| Untracked 
|  15|0x0000000082500000, 0x0000000082500000, 0x0000000082600000|  0%| F|  |TAMS 0x0000000082500000, 0x0000000082500000| Untracked 
|  16|0x0000000082600000, 0x0000000082600000, 0x0000000082700000|  0%| F|  |TAMS 0x0000000082600000, 0x0000000082600000| Untracked 
|  17|0x0000000082700000, 0x0000000082700000, 0x0000000082800000|  0%| F|  |TAMS 0x0000000082700000, 0x0000000082700000| Untracked 
|  18|0x0000000082800000, 0x0000000082800000, 0x0000000082900000|  0%| F|  |TAMS 0x0000000082800000, 0x0000000082800000| Untracked 
|  19|0x0000000082900000, 0x0000000082900000, 0x0000000082a00000|  0%| F|  |TAMS 0x0000000082900000, 0x0000000082900000| Untracked 
|  20|0x0000000082a00000, 0x0000000082a00000, 0x0000000082b00000|  0%| F|  |TAMS 0x0000000082a00000, 0x0000000082a00000| Untracked 
|  21|0x0000000082b00000, 0x0000000082b00000, 0x0000000082c00000|  0%| F|  |TAMS 0x0000000082b00000, 0x0000000082b00000| Untracked 
|  22|0x0000000082c00000, 0x0000000082c00000, 0x0000000082d00000|  0%| F|  |TAMS 0x0000000082c00000, 0x0000000082c00000| Untracked 
|  23|0x0000000082d00000, 0x0000000082d00000, 0x0000000082e00000|  0%| F|  |TAMS 0x0000000082d00000, 0x0000000082d00000| Untracked 
|  24|0x0000000082e00000, 0x0000000082e00000, 0x0000000082f00000|  0%| F|  |TAMS 0x0000000082e00000, 0x0000000082e00000| Untracked 
|  25|0x0000000082f00000, 0x0000000082f00000, 0x0000000083000000|  0%| F|  |TAMS 0x0000000082f00000, 0x0000000082f00000| Untracked 
|  26|0x0000000083000000, 0x0000000083000000, 0x0000000083100000|  0%| F|  |TAMS 0x0000000083000000, 0x0000000083000000| Untracked 
|  27|0x0000000083100000, 0x0000000083100000, 0x0000000083200000|  0%| F|  |TAMS 0x0000000083100000, 0x0000000083100000| Untracked 
|  28|0x0000000083200000, 0x0000000083200000, 0x0000000083300000|  0%| F|  |TAMS 0x0000000083200000, 0x0000000083200000| Untracked 
|  29|0x0000000083300000, 0x0000000083300000, 0x0000000083400000|  0%| F|  |TAMS 0x0000000083300000, 0x0000000083300000| Untracked 
|  30|0x0000000083400000, 0x0000000083400000, 0x0000000083500000|  0%| F|  |TAMS 0x0000000083400000, 0x0000000083400000| Untracked 
|  31|0x0000000083500000, 0x0000000083500000, 0x0000000083600000|  0%| F|  |TAMS 0x0000000083500000, 0x0000000083500000| Untracked 
|  32|0x0000000083600000, 0x0000000083600000, 0x0000000083700000|  0%| F|  |TAMS 0x0000000083600000, 0x0000000083600000| Untracked 
|  33|0x0000000083700000, 0x0000000083700000, 0x0000000083800000|  0%| F|  |TAMS 0x0000000083700000, 0x0000000083700000| Untracked 
|  34|0x0000000083800000, 0x0000000083800000, 0x0000000083900000|  0%| F|  |TAMS 0x0000000083800000, 0x0000000083800000| Untracked 
|  35|0x0000000083900000, 0x0000000083900000, 0x0000000083a00000|  0%| F|  |TAMS 0x0000000083900000, 0x0000000083900000| Untracked 
|  36|0x0000000083a00000, 0x0000000083a00000, 0x0000000083b00000|  0%| F|  |TAMS 0x0000000083a00000, 0x0000000083a00000| Untracked 
|  37|0x0000000083b00000, 0x0000000083b00000, 0x0000000083c00000|  0%| F|  |TAMS 0x0000000083b00000, 0x0000000083b00000| Untracked 
|  38|0x0000000083c00000, 0x0000000083c00000, 0x0000000083d00000|  0%| F|  |TAMS 0x0000000083c00000, 0x0000000083c00000| Untracked 
|  39|0x0000000083d00000, 0x0000000083d00000, 0x0000000083e00000|  0%| F|  |TAMS 0x0000000083d00000, 0x0000000083d00000| Untracked 
|  40|0x0000000083e00000, 0x0000000083e00000, 0x0000000083f00000|  0%| F|  |TAMS 0x0000000083e00000, 0x0000000083e00000| Untracked 
|  41|0x0000000083f00000, 0x0000000083f00000, 0x0000000084000000|  0%| F|  |TAMS 0x0000000083f00000, 0x0000000083f00000| Untracked 
|  42|0x0000000084000000, 0x0000000084000000, 0x0000000084100000|  0%| F|  |TAMS 0x0000000084000000, 0x0000000084000000| Untracked 
|  43|0x0000000084100000, 0x0000000084100000, 0x0000000084200000|  0%| F|  |TAMS 0x0000000084100000, 0x0000000084100000| Untracked 
|  44|0x0000000084200000, 0x0000000084200000, 0x0000000084300000|  0%| F|  |TAMS 0x0000000084200000, 0x0000000084200000| Untracked 
|  45|0x0000000084300000, 0x0000000084300000, 0x0000000084400000|  0%| F|  |TAMS 0x0000000084300000, 0x0000000084300000| Untracked 
|  46|0x0000000084400000, 0x0000000084400000, 0x0000000084500000|  0%| F|  |TAMS 0x0000000084400000, 0x0000000084400000| Untracked 
|  47|0x0000000084500000, 0x0000000084500000, 0x0000000084600000|  0%| F|  |TAMS 0x0000000084500000, 0x0000000084500000| Untracked 
|  48|0x0000000084600000, 0x0000000084600000, 0x0000000084700000|  0%| F|  |TAMS 0x0000000084600000, 0x0000000084600000| Untracked 
|  49|0x0000000084700000, 0x0000000084700000, 0x0000000084800000|  0%| F|  |TAMS 0x0000000084700000, 0x0000000084700000| Untracked 
|  50|0x0000000084800000, 0x0000000084800000, 0x0000000084900000|  0%| F|  |TAMS 0x0000000084800000, 0x0000000084800000| Untracked 
|  51|0x0000000084900000, 0x0000000084900000, 0x0000000084a00000|  0%| F|  |TAMS 0x0000000084900000, 0x0000000084900000| Untracked 
|  52|0x0000000084a00000, 0x0000000084a00000, 0x0000000084b00000|  0%| F|  |TAMS 0x0000000084a00000, 0x0000000084a00000| Untracked 
|  53|0x0000000084b00000, 0x0000000084b00000, 0x0000000084c00000|  0%| F|  |TAMS 0x0000000084b00000, 0x0000000084b00000| Untracked 
|  54|0x0000000084c00000, 0x0000000084c00000, 0x0000000084d00000|  0%| F|  |TAMS 0x0000000084c00000, 0x0000000084c00000| Untracked 
|  55|0x0000000084d00000, 0x0000000084d00000, 0x0000000084e00000|  0%| F|  |TAMS 0x0000000084d00000, 0x0000000084d00000| Untracked 
|  56|0x0000000084e00000, 0x0000000084e00000, 0x0000000084f00000|  0%| F|  |TAMS 0x0000000084e00000, 0x0000000084e00000| Untracked 
|  57|0x0000000084f00000, 0x0000000084f00000, 0x0000000085000000|  0%| F|  |TAMS 0x0000000084f00000, 0x0000000084f00000| Untracked 
|  58|0x0000000085000000, 0x0000000085000000, 0x0000000085100000|  0%| F|  |TAMS 0x0000000085000000, 0x0000000085000000| Untracked 
|  59|0x0000000085100000, 0x0000000085100000, 0x0000000085200000|  0%| F|  |TAMS 0x0000000085100000, 0x0000000085100000| Untracked 
|  60|0x0000000085200000, 0x0000000085200000, 0x0000000085300000|  0%| F|  |TAMS 0x0000000085200000, 0x0000000085200000| Untracked 
|  61|0x0000000085300000, 0x0000000085300000, 0x0000000085400000|  0%| F|  |TAMS 0x0000000085300000, 0x0000000085300000| Untracked 
|  62|0x0000000085400000, 0x0000000085400000, 0x0000000085500000|  0%| F|  |TAMS 0x0000000085400000, 0x0000000085400000| Untracked 
|  63|0x0000000085500000, 0x0000000085500000, 0x0000000085600000|  0%| F|  |TAMS 0x0000000085500000, 0x0000000085500000| Untracked 
|  64|0x0000000085600000, 0x0000000085600000, 0x0000000085700000|  0%| F|  |TAMS 0x0000000085600000, 0x0000000085600000| Untracked 
|  65|0x0000000085700000, 0x0000000085700000, 0x0000000085800000|  0%| F|  |TAMS 0x0000000085700000, 0x0000000085700000| Untracked 
|  66|0x0000000085800000, 0x0000000085800000, 0x0000000085900000|  0%| F|  |TAMS 0x0000000085800000, 0x0000000085800000| Untracked 
|  67|0x0000000085900000, 0x0000000085900000, 0x0000000085a00000|  0%| F|  |TAMS 0x0000000085900000, 0x0000000085900000| Untracked 
|  68|0x0000000085a00000, 0x0000000085a00000, 0x0000000085b00000|  0%| F|  |TAMS 0x0000000085a00000, 0x0000000085a00000| Untracked 
|  69|0x0000000085b00000, 0x0000000085b00000, 0x0000000085c00000|  0%| F|  |TAMS 0x0000000085b00000, 0x0000000085b00000| Untracked 
|  70|0x0000000085c00000, 0x0000000085c00000, 0x0000000085d00000|  0%| F|  |TAMS 0x0000000085c00000, 0x0000000085c00000| Untracked 
|  71|0x0000000085d00000, 0x0000000085d00000, 0x0000000085e00000|  0%| F|  |TAMS 0x0000000085d00000, 0x0000000085d00000| Untracked 
|  72|0x0000000085e00000, 0x0000000085e00000, 0x0000000085f00000|  0%| F|  |TAMS 0x0000000085e00000, 0x0000000085e00000| Untracked 
|  73|0x0000000085f00000, 0x0000000085f00000, 0x0000000086000000|  0%| F|  |TAMS 0x0000000085f00000, 0x0000000085f00000| Untracked 
|  74|0x0000000086000000, 0x0000000086000000, 0x0000000086100000|  0%| F|  |TAMS 0x0000000086000000, 0x0000000086000000| Untracked 
|  75|0x0000000086100000, 0x0000000086100000, 0x0000000086200000|  0%| F|  |TAMS 0x0000000086100000, 0x0000000086100000| Untracked 
|  76|0x0000000086200000, 0x0000000086200000, 0x0000000086300000|  0%| F|  |TAMS 0x0000000086200000, 0x0000000086200000| Untracked 
|  77|0x0000000086300000, 0x0000000086300000, 0x0000000086400000|  0%| F|  |TAMS 0x0000000086300000, 0x0000000086300000| Untracked 
|  78|0x0000000086400000, 0x0000000086400000, 0x0000000086500000|  0%| F|  |TAMS 0x0000000086400000, 0x0000000086400000| Untracked 
|  79|0x0000000086500000, 0x0000000086500000, 0x0000000086600000|  0%| F|  |TAMS 0x0000000086500000, 0x0000000086500000| Untracked 
|  80|0x0000000086600000, 0x0000000086600000, 0x0000000086700000|  0%| F|  |TAMS 0x0000000086600000, 0x0000000086600000| Untracked 
|  81|0x0000000086700000, 0x0000000086700000, 0x0000000086800000|  0%| F|  |TAMS 0x0000000086700000, 0x0000000086700000| Untracked 
|  82|0x0000000086800000, 0x0000000086800000, 0x0000000086900000|  0%| F|  |TAMS 0x0000000086800000, 0x0000000086800000| Untracked 
|  83|0x0000000086900000, 0x0000000086900000, 0x0000000086a00000|  0%| F|  |TAMS 0x0000000086900000, 0x0000000086900000| Untracked 
|  84|0x0000000086a00000, 0x0000000086a00000, 0x0000000086b00000|  0%| F|  |TAMS 0x0000000086a00000, 0x0000000086a00000| Untracked 
|  85|0x0000000086b00000, 0x0000000086b00000, 0x0000000086c00000|  0%| F|  |TAMS 0x0000000086b00000, 0x0000000086b00000| Untracked 
|  86|0x0000000086c00000, 0x0000000086c00000, 0x0000000086d00000|  0%| F|  |TAMS 0x0000000086c00000, 0x0000000086c00000| Untracked 
|  87|0x0000000086d00000, 0x0000000086d00000, 0x0000000086e00000|  0%| F|  |TAMS 0x0000000086d00000, 0x0000000086d00000| Untracked 
|  88|0x0000000086e00000, 0x0000000086e00000, 0x0000000086f00000|  0%| F|  |TAMS 0x0000000086e00000, 0x0000000086e00000| Untracked 
|  89|0x0000000086f00000, 0x0000000086f00000, 0x0000000087000000|  0%| F|  |TAMS 0x0000000086f00000, 0x0000000086f00000| Untracked 
|  90|0x0000000087000000, 0x0000000087000000, 0x0000000087100000|  0%| F|  |TAMS 0x0000000087000000, 0x0000000087000000| Untracked 
|  91|0x0000000087100000, 0x0000000087100000, 0x0000000087200000|  0%| F|  |TAMS 0x0000000087100000, 0x0000000087100000| Untracked 
|  92|0x0000000087200000, 0x0000000087200000, 0x0000000087300000|  0%| F|  |TAMS 0x0000000087200000, 0x0000000087200000| Untracked 
|  93|0x0000000087300000, 0x0000000087300000, 0x0000000087400000|  0%| F|  |TAMS 0x0000000087300000, 0x0000000087300000| Untracked 
|  94|0x0000000087400000, 0x0000000087400000, 0x0000000087500000|  0%| F|  |TAMS 0x0000000087400000, 0x0000000087400000| Untracked 
|  95|0x0000000087500000, 0x0000000087500000, 0x0000000087600000|  0%| F|  |TAMS 0x0000000087500000, 0x0000000087500000| Untracked 
|  96|0x0000000087600000, 0x0000000087600000, 0x0000000087700000|  0%| F|  |TAMS 0x0000000087600000, 0x0000000087600000| Untracked 
|  97|0x0000000087700000, 0x0000000087700000, 0x0000000087800000|  0%| F|  |TAMS 0x0000000087700000, 0x0000000087700000| Untracked 
|  98|0x0000000087800000, 0x0000000087800000, 0x0000000087900000|  0%| F|  |TAMS 0x0000000087800000, 0x0000000087800000| Untracked 
|  99|0x0000000087900000, 0x0000000087900000, 0x0000000087a00000|  0%| F|  |TAMS 0x0000000087900000, 0x0000000087900000| Untracked 
| 100|0x0000000087a00000, 0x0000000087a00000, 0x0000000087b00000|  0%| F|  |TAMS 0x0000000087a00000, 0x0000000087a00000| Untracked 
| 101|0x0000000087b00000, 0x0000000087b00000, 0x0000000087c00000|  0%| F|  |TAMS 0x0000000087b00000, 0x0000000087b00000| Untracked 
| 102|0x0000000087c00000, 0x0000000087c00000, 0x0000000087d00000|  0%| F|  |TAMS 0x0000000087c00000, 0x0000000087c00000| Untracked 
| 103|0x0000000087d00000, 0x0000000087d00000, 0x0000000087e00000|  0%| F|  |TAMS 0x0000000087d00000, 0x0000000087d00000| Untracked 
| 104|0x0000000087e00000, 0x0000000087e00000, 0x0000000087f00000|  0%| F|  |TAMS 0x0000000087e00000, 0x0000000087e00000| Untracked 
| 105|0x0000000087f00000, 0x0000000087f00000, 0x0000000088000000|  0%| F|  |TAMS 0x0000000087f00000, 0x0000000087f00000| Untracked 
| 106|0x0000000088000000, 0x0000000088000000, 0x0000000088100000|  0%| F|  |TAMS 0x0000000088000000, 0x0000000088000000| Untracked 
| 107|0x0000000088100000, 0x0000000088100000, 0x0000000088200000|  0%| F|  |TAMS 0x0000000088100000, 0x0000000088100000| Untracked 
| 108|0x0000000088200000, 0x0000000088200000, 0x0000000088300000|  0%| F|  |TAMS 0x0000000088200000, 0x0000000088200000| Untracked 
| 109|0x0000000088300000, 0x0000000088300000, 0x0000000088400000|  0%| F|  |TAMS 0x0000000088300000, 0x0000000088300000| Untracked 
| 110|0x0000000088400000, 0x0000000088400000, 0x0000000088500000|  0%| F|  |TAMS 0x0000000088400000, 0x0000000088400000| Untracked 
| 111|0x0000000088500000, 0x0000000088500000, 0x0000000088600000|  0%| F|  |TAMS 0x0000000088500000, 0x0000000088500000| Untracked 
| 112|0x0000000088600000, 0x0000000088600000, 0x0000000088700000|  0%| F|  |TAMS 0x0000000088600000, 0x0000000088600000| Untracked 
| 113|0x0000000088700000, 0x0000000088800000, 0x0000000088800000|100%| S|CS|TAMS 0x0000000088700000, 0x0000000088700000| Complete 
| 114|0x0000000088800000, 0x0000000088900000, 0x0000000088900000|100%| S|CS|TAMS 0x0000000088800000, 0x0000000088800000| Complete 
| 115|0x0000000088900000, 0x0000000088900000, 0x0000000088a00000|  0%| F|  |TAMS 0x0000000088900000, 0x0000000088900000| Untracked 
| 116|0x0000000088a00000, 0x0000000088a00000, 0x0000000088b00000|  0%| F|  |TAMS 0x0000000088a00000, 0x0000000088a00000| Untracked 
| 117|0x0000000088b00000, 0x0000000088b00000, 0x0000000088c00000|  0%| F|  |TAMS 0x0000000088b00000, 0x0000000088b00000| Untracked 
| 118|0x0000000088c00000, 0x0000000088c00000, 0x0000000088d00000|  0%| F|  |TAMS 0x0000000088c00000, 0x0000000088c00000| Untracked 
| 119|0x0000000088d00000, 0x0000000088d00000, 0x0000000088e00000|  0%| F|  |TAMS 0x0000000088d00000, 0x0000000088d00000| Untracked 
| 120|0x0000000088e00000, 0x0000000088e00000, 0x0000000088f00000|  0%| F|  |TAMS 0x0000000088e00000, 0x0000000088e00000| Untracked 
| 121|0x0000000088f00000, 0x0000000088f00000, 0x0000000089000000|  0%| F|  |TAMS 0x0000000088f00000, 0x0000000088f00000| Untracked 
| 122|0x0000000089000000, 0x0000000089100000, 0x0000000089100000|100%| E|  |TAMS 0x0000000089000000, 0x0000000089000000| Complete 
| 123|0x0000000089100000, 0x0000000089200000, 0x0000000089200000|100%| E|CS|TAMS 0x0000000089100000, 0x0000000089100000| Complete 
| 124|0x0000000089200000, 0x0000000089300000, 0x0000000089300000|100%| E|CS|TAMS 0x0000000089200000, 0x0000000089200000| Complete 
| 125|0x0000000089300000, 0x0000000089400000, 0x0000000089400000|100%| E|CS|TAMS 0x0000000089300000, 0x0000000089300000| Complete 
| 126|0x0000000089400000, 0x0000000089500000, 0x0000000089500000|100%| E|CS|TAMS 0x0000000089400000, 0x0000000089400000| Complete 
| 127|0x0000000089500000, 0x0000000089600000, 0x0000000089600000|100%| E|CS|TAMS 0x0000000089500000, 0x0000000089500000| Complete 

Card table byte_map: [0x000001d1c14e0000,0x000001d1c18e0000] _byte_map_base: 0x000001d1c10d5000

Marking Bits (Prev, Next): (CMBitMap*) 0x000001d1aa1cbb40, (CMBitMap*) 0x000001d1aa1cbb80
 Prev Bits: [0x000001d1c1ce0000, 0x000001d1c3c88000)
 Next Bits: [0x000001d1c3c90000, 0x000001d1c5c38000)

Polling page: 0x000001d1a80f0000

Metaspace:

Usage:
  Non-class:      7.39 MB used.
      Class:    907.68 KB used.
       Both:      8.28 MB used.

Virtual space:
  Non-class space:       64.00 MB reserved,       7.56 MB ( 12%) committed,  1 nodes.
      Class space:        1.00 GB reserved,       1.00 MB ( <1%) committed,  1 nodes.
             Both:        1.06 GB reserved,       8.56 MB ( <1%) committed. 

Chunk freelists:
   Non-Class:  508.00 KB
       Class:  3.04 MB
        Both:  3.54 MB

MaxMetaspaceSize: unlimited
CompressedClassSpaceSize: 1.00 GB
Initial GC threshold: 21.00 MB
Current GC threshold: 21.00 MB
CDS: on
MetaspaceReclaimPolicy: balanced
 - commit_granule_bytes: 65536.
 - commit_granule_words: 8192.
 - virtual_space_node_default_size: 8388608.
 - enlarge_chunks_in_place: 1.
 - new_chunks_are_fully_committed: 0.
 - uncommit_free_chunks: 1.
 - use_allocation_guard: 0.


Internal statistics:

num_allocs_failed_limit: 0.
num_arena_births: 154.
num_arena_deaths: 0.
num_vsnodes_births: 2.
num_vsnodes_deaths: 0.
num_space_committed: 137.
num_space_uncommitted: 0.
num_chunks_returned_to_freelist: 0.
num_chunks_taken_from_freelist: 169.
num_chunk_merges: 0.
num_chunk_splits: 117.
num_chunks_enlarged: 75.
num_inconsistent_stats: 0.

CodeHeap 'non-profiled nmethods': size=120000Kb used=395Kb max_used=395Kb free=119605Kb
 bounds [0x000001d1b9bb0000, 0x000001d1b9e20000, 0x000001d1c10e0000]
CodeHeap 'profiled nmethods': size=120000Kb used=2330Kb max_used=2330Kb free=117670Kb
 bounds [0x000001d1b20e0000, 0x000001d1b2350000, 0x000001d1b9610000]
CodeHeap 'non-nmethods': size=5760Kb used=1377Kb max_used=1399Kb free=4382Kb
 bounds [0x000001d1b9610000, 0x000001d1b9880000, 0x000001d1b9bb0000]
 total_blobs=2010 nmethods=1385 adapters=536
 compilation: enabled
              stopped_count=0, restarted_count=0
 full_count=0

Compilation events (20 events):
Event: 2161.582 Thread 0x000001d1c8117660 nmethod 1376 0x000001d1b2322e10 code [0x000001d1b2322fa0, 0x000001d1b23230f8]
Event: 2162.949 Thread 0x000001d1c8117660 1377       1       java.awt.event.InvocationEvent::getWhen (5 bytes)
Event: 2162.949 Thread 0x000001d1c8117660 nmethod 1377 0x000001d1b9c12610 code [0x000001d1b9c127a0, 0x000001d1b9c12858]
Event: 2162.949 Thread 0x000001d1c8117660 1378       3       java.security.AccessControlContext::<init> (63 bytes)
Event: 2162.950 Thread 0x000001d1c8117660 nmethod 1378 0x000001d1b2323190 code [0x000001d1b2323360, 0x000001d1b23236f8]
Event: 2162.950 Thread 0x000001d1c8117660 1380       3       java.security.ProtectionDomain$JavaSecurityAccessImpl::getCombinedACC (30 bytes)
Event: 2162.950 Thread 0x000001d1c8117660 nmethod 1380 0x000001d1b2323810 code [0x000001d1b23239e0, 0x000001d1b2323dd8]
Event: 2162.950 Thread 0x000001d1c8117660 1379       3       java.security.AccessControlContext::<init> (30 bytes)
Event: 2162.950 Thread 0x000001d1c8117660 nmethod 1379 0x000001d1b2323f90 code [0x000001d1b2324140, 0x000001d1b2324398]
Event: 2163.005 Thread 0x000001d1c8117660 1381       3       java.awt.Component::setBoundsOp (51 bytes)
Event: 2163.005 Thread 0x000001d1c8117660 nmethod 1381 0x000001d1b2324490 code [0x000001d1b2324640, 0x000001d1b2324818]
Event: 2163.368 Thread 0x000001d1c8111980 1382       4       jdk.internal.logger.SurrogateLogger::defaultPlatformLevel (4 bytes)
Event: 2163.369 Thread 0x000001d1c8111980 nmethod 1382 0x000001d1b9c12910 code [0x000001d1b9c12aa0, 0x000001d1b9c12b18]
Event: 2163.382 Thread 0x000001d1c8117660 1383       3       java.beans.PropertyChangeSupport::firePropertyChange (35 bytes)
Event: 2163.383 Thread 0x000001d1c8117660 nmethod 1383 0x000001d1b2324890 code [0x000001d1b2324aa0, 0x000001d1b2325248]
Event: 2164.504 Thread 0x000001d1c8117660 1384       3       java.lang.invoke.Invokers$Holder::linkToTargetMethod (9 bytes)
Event: 2164.505 Thread 0x000001d1c8117660 nmethod 1384 0x000001d1b2325490 code [0x000001d1b2325640, 0x000001d1b2325a18]
Event: 2164.514 Thread 0x000001d1c8117660 1385   !   3       java.awt.Toolkit::setDesktopProperty (81 bytes)
Event: 2164.514 Thread 0x000001d1c8117660 nmethod 1385 0x000001d1b2325b10 code [0x000001d1b2325d20, 0x000001d1b2326568]
Event: 2164.563 Thread 0x000001d1c8111980 1386       4       java.util.HashMap::get (19 bytes)

GC Heap History (2 events):
Event: 1.053 GC heap before
{Heap before GC invocations=0 (full 0):
 garbage-first heap   total 131072K, used 15360K [0x0000000081600000, 0x0000000100000000)
  region size 1024K, 13 young (13312K), 0 survivors (0K)
 Metaspace       used 6580K, committed 6784K, reserved 1114112K
  class space    used 658K, committed 768K, reserved 1048576K
}
Event: 1.061 GC heap after
{Heap after GC invocations=1 (full 0):
 garbage-first heap   total 131072K, used 7011K [0x0000000081600000, 0x0000000100000000)
  region size 1024K, 2 young (2048K), 2 survivors (2048K)
 Metaspace       used 6580K, committed 6784K, reserved 1114112K
  class space    used 658K, committed 768K, reserved 1048576K
}

Dll operation events (10 events):
Event: 0.029 Loaded shared library C:\Program Files\Java\jdk-19\bin\java.dll
Event: 0.047 Loaded shared library C:\Program Files\Java\jdk-19\bin\jsvml.dll
Event: 0.142 Loaded shared library C:\Program Files\Java\jdk-19\bin\jimage.dll
Event: 0.150 Loaded shared library C:\Program Files\Java\jdk-19\bin\net.dll
Event: 0.152 Loaded shared library C:\Program Files\Java\jdk-19\bin\nio.dll
Event: 0.158 Loaded shared library C:\Program Files\Java\jdk-19\bin\zip.dll
Event: 0.181 Loaded shared library C:\Program Files\Java\jdk-19\bin\awt.dll
Event: 0.604 Loaded shared library C:\Program Files\Java\jdk-19\bin\javajpeg.dll
Event: 0.705 Loaded shared library C:\Program Files\Java\jdk-19\bin\freetype.dll
Event: 0.707 Loaded shared library C:\Program Files\Java\jdk-19\bin\fontmanager.dll

Deoptimization events (20 events):
Event: 31.142 Thread 0x000001d1cdc14860 Uncommon trap: trap_request=0xffffff45 fr.pc=0x000001d1b9befb98 relative=0x00000000000001f8
Event: 31.142 Thread 0x000001d1cdc14860 Uncommon trap: reason=unstable_if action=reinterpret pc=0x000001d1b9befb98 method=java.io.WinNTFileSystem.normalize(Ljava/lang/String;)Ljava/lang/String; @ 104 c2
Event: 31.142 Thread 0x000001d1cdc14860 DEOPT PACKING pc=0x000001d1b9befb98 sp=0x00000063050ff160
Event: 31.142 Thread 0x000001d1cdc14860 DEOPT UNPACKING pc=0x000001d1b9676da3 sp=0x00000063050ff0d8 mode 2
Event: 31.225 Thread 0x000001d1cdc0ada0 Uncommon trap: trap_request=0xffffffde fr.pc=0x000001d1b9c03a64 relative=0x00000000000002a4
Event: 31.225 Thread 0x000001d1cdc0ada0 Uncommon trap: reason=class_check action=maybe_recompile pc=0x000001d1b9c03a64 method=java.util.HashMap.getNode(Ljava/lang/Object;)Ljava/util/HashMap$Node; @ 128 c2
Event: 31.225 Thread 0x000001d1cdc0ada0 DEOPT PACKING pc=0x000001d1b9c03a64 sp=0x0000006304cfeb20
Event: 31.225 Thread 0x000001d1cdc0ada0 DEOPT UNPACKING pc=0x000001d1b9676da3 sp=0x0000006304cfea28 mode 2
Event: 31.225 Thread 0x000001d1cdc0ada0 Uncommon trap: trap_request=0xffffffde fr.pc=0x000001d1b9c03a64 relative=0x00000000000002a4
Event: 31.225 Thread 0x000001d1cdc0ada0 Uncommon trap: reason=class_check action=maybe_recompile pc=0x000001d1b9c03a64 method=java.util.HashMap.getNode(Ljava/lang/Object;)Ljava/util/HashMap$Node; @ 128 c2
Event: 31.225 Thread 0x000001d1cdc0ada0 DEOPT PACKING pc=0x000001d1b9c03a64 sp=0x0000006304cfeb20
Event: 31.225 Thread 0x000001d1cdc0ada0 DEOPT UNPACKING pc=0x000001d1b9676da3 sp=0x0000006304cfea28 mode 2
Event: 31.343 Thread 0x000001d1cc7ccdb0 Uncommon trap: trap_request=0xffffff45 fr.pc=0x000001d1b9c06630 relative=0x0000000000000110
Event: 31.343 Thread 0x000001d1cc7ccdb0 Uncommon trap: reason=unstable_if action=reinterpret pc=0x000001d1b9c06630 method=java.util.concurrent.locks.ReentrantLock$Sync.tryRelease(I)Z @ 26 c2
Event: 31.343 Thread 0x000001d1cc7ccdb0 DEOPT PACKING pc=0x000001d1b9c06630 sp=0x0000006304bfe7a0
Event: 31.343 Thread 0x000001d1cc7ccdb0 DEOPT UNPACKING pc=0x000001d1b9676da3 sp=0x0000006304bfe690 mode 2
Event: 31.343 Thread 0x000001d1cc7ccdb0 Uncommon trap: trap_request=0xffffff45 fr.pc=0x000001d1b9bf4bec relative=0x00000000000000cc
Event: 31.343 Thread 0x000001d1cc7ccdb0 Uncommon trap: reason=unstable_if action=reinterpret pc=0x000001d1b9bf4bec method=java.util.concurrent.locks.ReentrantLock$Sync.tryRelease(I)Z @ 26 c2
Event: 31.343 Thread 0x000001d1cc7ccdb0 DEOPT PACKING pc=0x000001d1b9bf4bec sp=0x0000006304bfe6d0
Event: 31.343 Thread 0x000001d1cc7ccdb0 DEOPT UNPACKING pc=0x000001d1b9676da3 sp=0x0000006304bfe670 mode 2

Classes loaded (20 events):
Event: 31.341 Loading class java/util/concurrent/BlockingQueue done
Event: 31.341 Loading class java/util/concurrent/DelayQueue done
Event: 31.341 Loading class java/util/PriorityQueue
Event: 31.342 Loading class java/util/PriorityQueue done
Event: 31.343 Loading class javax/swing/TimerQueue$DelayedTimer
Event: 31.343 Loading class java/util/concurrent/Delayed
Event: 31.343 Loading class java/util/concurrent/Delayed done
Event: 31.343 Loading class javax/swing/TimerQueue$DelayedTimer done
Event: 31.343 Loading class java/util/concurrent/TimeUnit$1
Event: 31.343 Loading class java/util/concurrent/TimeUnit$1 done
Event: 31.847 Loading class javax/swing/Timer$1
Event: 31.847 Loading class javax/swing/Timer$1 done
Event: 32.931 Loading class java/awt/LightweightDispatcher$2
Event: 32.931 Loading class java/awt/LightweightDispatcher$2 done
Event: 2147.802 Loading class java/util/WeakHashMap$KeyIterator
Event: 2147.802 Loading class java/util/WeakHashMap$HashIterator
Event: 2147.802 Loading class java/util/WeakHashMap$HashIterator done
Event: 2147.802 Loading class java/util/WeakHashMap$KeyIterator done
Event: 2147.803 Loading class javax/swing/RepaintManager$DisplayChangedRunnable
Event: 2147.803 Loading class javax/swing/RepaintManager$DisplayChangedRunnable done

Classes unloaded (0 events):
No events

Classes redefined (0 events):
No events

Internal exceptions (13 events):
Event: 0.167 Thread 0x000001d1aa169aa0 Exception <a 'java/lang/ClassNotFoundException'{0x00000000894b3660}: sun/awt/resources/spi/awtProvider> (0x00000000894b3660) 
thrown [s\open\src\hotspot\share\classfile\systemDictionary.cpp, line 255]
Event: 0.201 Thread 0x000001d1aa169aa0 Exception <a 'java/io/FileNotFoundException'{0x000000008930d2c0}> (0x000000008930d2c0) 
thrown [s\open\src\hotspot\share\prims\jni.cpp, line 517]
Event: 0.210 Thread 0x000001d1aa169aa0 Exception <a 'java/io/FileNotFoundException'{0x00000000893397b8}> (0x00000000893397b8) 
thrown [s\open\src\hotspot\share\prims\jni.cpp, line 517]
Event: 0.261 Thread 0x000001d1aa169aa0 Exception <a 'java/lang/NoSuchMethodError'{0x00000000893795f8}: 'java.lang.Object java.lang.invoke.DirectMethodHandle$Holder.invokeStaticInit(java.lang.Object)'> (0x00000000893795f8) 
thrown [s\open\src\hotspot\share\interpreter\linkResolver.cpp, line 774]
Event: 0.306 Thread 0x000001d1aa169aa0 Exception <a 'java/lang/NoSuchMethodError'{0x0000000089297188}: 'void java.lang.invoke.DirectMethodHandle$Holder.invokeSpecial(java.lang.Object, java.lang.Object, java.lang.Object)'> (0x0000000089297188) 
thrown [s\open\src\hotspot\share\interpreter\linkResolver.cpp, line 774]
Event: 0.319 Thread 0x000001d1aa169aa0 Exception <a 'java/lang/NoSuchMethodError'{0x00000000892c1d68}: 'java.lang.Object java.lang.invoke.DirectMethodHandle$Holder.newInvokeSpecial(java.lang.Object, java.lang.Object, java.lang.Object, java.lang.Object, java.lang.Object)'> (0x00000000892c1d68) 
thrown [s\open\src\hotspot\share\interpreter\linkResolver.cpp, line 774]
Event: 0.329 Thread 0x000001d1aa169aa0 Exception <a 'java/lang/NoSuchMethodError'{0x00000000892f3698}: 'java.lang.Object java.lang.invoke.DirectMethodHandle$Holder.invokeStatic(java.lang.Object, int, java.lang.Object)'> (0x00000000892f3698) 
thrown [s\open\src\hotspot\share\interpreter\linkResolver.cpp, line 774]
Event: 0.383 Thread 0x000001d1aa169aa0 Exception <a 'java/lang/ClassNotFoundException'{0x00000000891af698}: com/sun/swing/internal/plaf/metal/resources/spi/metalProvider> (0x00000000891af698) 
thrown [s\open\src\hotspot\share\classfile\systemDictionary.cpp, line 255]
Event: 0.385 Thread 0x000001d1aa169aa0 Exception <a 'java/lang/ClassNotFoundException'{0x00000000891b3698}: com/sun/swing/internal/plaf/basic/resources/spi/basicProvider> (0x00000000891b3698) 
thrown [s\open\src\hotspot\share\classfile\systemDictionary.cpp, line 255]
Event: 0.418 Thread 0x000001d1aa169aa0 Exception <a 'java/lang/NoSuchMethodError'{0x00000000891d3bc0}: 'int java.lang.invoke.Invokers$Holder.invokeExact_MT(java.lang.Object, java.lang.Object)'> (0x00000000891d3bc0) 
thrown [s\open\src\hotspot\share\interpreter\linkResolver.cpp, line 774]
Event: 0.608 Thread 0x000001d1cc76b140 Exception <a 'java/lang/NoSuchMethodError'{0x0000000088f98668}: 'java.lang.Object java.lang.invoke.DirectMethodHandle$Holder.newInvokeSpecial(java.lang.Object, java.lang.Object, java.lang.Object, int, int, int, int, int)'> (0x0000000088f98668) 
thrown [s\open\src\hotspot\share\interpreter\linkResolver.cpp, line 774]
Event: 0.671 Thread 0x000001d1cc6c1a50 Exception <a 'java/lang/NoSuchMethodError'{0x0000000089210038}: 'void java.lang.invoke.DirectMethodHandle$Holder.invokeVirtual(java.lang.Object, java.lang.Object)'> (0x0000000089210038) 
thrown [s\open\src\hotspot\share\interpreter\linkResolver.cpp, line 774]
Event: 0.699 Thread 0x000001d1aa169aa0 Exception <a 'java/lang/NoSuchMethodError'{0x00000000891ff580}: 'void java.lang.invoke.DirectMethodHandle$Holder.invokeStaticInit(java.lang.Object)'> (0x00000000891ff580) 
thrown [s\open\src\hotspot\share\interpreter\linkResolver.cpp, line 774]

VM Operations (20 events):
Event: 5.174 Executing VM operation: Cleanup
Event: 5.175 Executing VM operation: Cleanup done
Event: 31.206 Executing VM operation: HandshakeAllThreads
Event: 31.206 Executing VM operation: HandshakeAllThreads done
Event: 31.206 Executing VM operation: Cleanup
Event: 31.206 Executing VM operation: Cleanup done
Event: 31.210 Executing VM operation: HandshakeAllThreads
Event: 31.210 Executing VM operation: HandshakeAllThreads done
Event: 31.215 Executing VM operation: HandshakeAllThreads
Event: 31.215 Executing VM operation: HandshakeAllThreads done
Event: 32.219 Executing VM operation: Cleanup
Event: 32.219 Executing VM operation: Cleanup done
Event: 33.225 Executing VM operation: Cleanup
Event: 33.225 Executing VM operation: Cleanup done
Event: 34.231 Executing VM operation: Cleanup
Event: 34.231 Executing VM operation: Cleanup done
Event: 2161.782 Executing VM operation: Cleanup
Event: 2161.788 Executing VM operation: Cleanup done
Event: 2163.798 Executing VM operation: Cleanup
Event: 2163.798 Executing VM operation: Cleanup done

Events (20 events):
Event: 0.075 Thread 0x000001d1c8154b40 Thread added: 0x000001d1c8154b40
Event: 0.113 Thread 0x000001d1cc4d5d60 Thread added: 0x000001d1cc4d5d60
Event: 0.119 Thread 0x000001d1cc4e2740 Thread added: 0x000001d1cc4e2740
Event: 0.263 Thread 0x000001d1cc5877f0 Thread added: 0x000001d1cc5877f0
Event: 0.264 Thread 0x000001d1cc6c1510 Thread added: 0x000001d1cc6c1510
Event: 0.267 Thread 0x000001d1cc6c1a50 Thread added: 0x000001d1cc6c1a50
Event: 0.437 Thread 0x000001d1cc76b140 Thread added: 0x000001d1cc76b140
Event: 0.642 Thread 0x000001d1cc7c27e0 Thread added: 0x000001d1cc7c27e0
Event: 0.670 Thread 0x000001d1cc7ccdb0 Thread added: 0x000001d1cc7ccdb0
Event: 0.763 Thread 0x000001d1cdc0ada0 Thread added: 0x000001d1cdc0ada0
Event: 0.764 Thread 0x000001d1aa169aa0 Thread exited: 0x000001d1aa169aa0
Event: 0.764 Thread 0x000001d1cdc15da0 Thread added: 0x000001d1cdc15da0
Event: 1.064 Thread 0x000001d1cc6b03b0 Thread added: 0x000001d1cc6b03b0
Event: 1.785 Thread 0x000001d1cc6b03b0 Thread exited: 0x000001d1cc6b03b0
Event: 5.659 Thread 0x000001d1cc7c27e0 Thread exited: 0x000001d1cc7c27e0
Event: 5.659 Thread 0x000001d1cc76b140 Thread exited: 0x000001d1cc76b140
Event: 31.141 Thread 0x000001d1cdc14860 Thread added: 0x000001d1cdc14860
Event: 31.294 Thread 0x000001d1cdc0ada0 Thread exited: 0x000001d1cdc0ada0
Event: 31.343 Thread 0x000001d1cdc13320 Thread added: 0x000001d1cdc13320
Event: 36.199 Thread 0x000001d1cdc14860 Thread exited: 0x000001d1cdc14860


Dynamic libraries:
0x00007ff6ec840000 - 0x00007ff6ec850000 	C:\Program Files\Java\jdk-19\bin\javaw.exe
0x00007ff8fddd0000 - 0x00007ff8fdfc8000 	C:\WINDOWS\SYSTEM32\ntdll.dll
0x00007ff8fd6b0000 - 0x00007ff8fd76d000 	C:\WINDOWS\System32\KERNEL32.DLL
0x00007ff8fb770000 - 0x00007ff8fba66000 	C:\WINDOWS\System32\KERNELBASE.dll
0x00007ff8fb540000 - 0x00007ff8fb640000 	C:\WINDOWS\System32\ucrtbase.dll
0x00007ff8f2a80000 - 0x00007ff8f2a98000 	C:\Program Files\Java\jdk-19\bin\jli.dll
0x00007ff8fdc90000 - 0x00007ff8fdd3f000 	C:\WINDOWS\System32\ADVAPI32.dll
0x00007ff8fd9f0000 - 0x00007ff8fda8e000 	C:\WINDOWS\System32\msvcrt.dll
0x00007ff8fd770000 - 0x00007ff8fd80c000 	C:\WINDOWS\System32\sechost.dll
0x00007ff8fda90000 - 0x00007ff8fdbb6000 	C:\WINDOWS\System32\RPCRT4.dll
0x00007ff8fbe60000 - 0x00007ff8fbffe000 	C:\WINDOWS\System32\USER32.dll
0x00007ff8fbe00000 - 0x00007ff8fbe22000 	C:\WINDOWS\System32\win32u.dll
0x00007ff8fbe30000 - 0x00007ff8fbe5c000 	C:\WINDOWS\System32\GDI32.dll
0x00007ff8fbc40000 - 0x00007ff8fbd5a000 	C:\WINDOWS\System32\gdi32full.dll
0x00007ff8fbd60000 - 0x00007ff8fbdfd000 	C:\WINDOWS\System32\msvcp_win.dll
0x00007ff8f2aa0000 - 0x00007ff8f2abb000 	C:\Program Files\Java\jdk-19\bin\VCRUNTIME140.dll
0x00007ff8ec950000 - 0x00007ff8ecbea000 	C:\WINDOWS\WinSxS\amd64_microsoft.windows.common-controls_6595b64144ccf1df_6.0.19041.3636_none_60b6a03d71f818d5\COMCTL32.dll
0x00007ff8f5fc0000 - 0x00007ff8f5fca000 	C:\WINDOWS\SYSTEM32\VERSION.dll
0x00007ff8fdd40000 - 0x00007ff8fdd70000 	C:\WINDOWS\System32\IMM32.DLL
0x00007ff8f5e00000 - 0x00007ff8f5e0c000 	C:\Program Files\Java\jdk-19\bin\vcruntime140_1.dll
0x00007ff8cad80000 - 0x00007ff8cae0e000 	C:\Program Files\Java\jdk-19\bin\msvcp140.dll
0x00007ff89e390000 - 0x00007ff89f050000 	C:\Program Files\Java\jdk-19\bin\server\jvm.dll
0x00007ff8f62c0000 - 0x00007ff8f62c9000 	C:\WINDOWS\SYSTEM32\WSOCK32.dll
0x00007ff8fc990000 - 0x00007ff8fc9fb000 	C:\WINDOWS\System32\WS2_32.dll
0x00007ff8ec850000 - 0x00007ff8ec877000 	C:\WINDOWS\SYSTEM32\WINMM.dll
0x00007ff8f9d00000 - 0x00007ff8f9d12000 	C:\WINDOWS\SYSTEM32\kernel.appcore.dll
0x00007ff8f62b0000 - 0x00007ff8f62ba000 	C:\Program Files\Java\jdk-19\bin\jimage.dll
0x00007ff8f9a10000 - 0x00007ff8f9bf4000 	C:\WINDOWS\SYSTEM32\DBGHELP.DLL
0x00007ff8f3300000 - 0x00007ff8f3334000 	C:\WINDOWS\SYSTEM32\dbgcore.DLL
0x00007ff8fb4b0000 - 0x00007ff8fb532000 	C:\WINDOWS\System32\bcryptPrimitives.dll
0x00007ff8f5e50000 - 0x00007ff8f5e76000 	C:\Program Files\Java\jdk-19\bin\java.dll
0x00007ff8d7520000 - 0x00007ff8d75f7000 	C:\Program Files\Java\jdk-19\bin\jsvml.dll
0x00007ff8fc130000 - 0x00007ff8fc874000 	C:\WINDOWS\System32\SHELL32.dll
0x00007ff8f9270000 - 0x00007ff8f9a0b000 	C:\WINDOWS\SYSTEM32\windows.storage.dll
0x00007ff8fcbc0000 - 0x00007ff8fcf14000 	C:\WINDOWS\System32\combase.dll
0x00007ff8faef0000 - 0x00007ff8faf1d000 	C:\WINDOWS\SYSTEM32\Wldp.dll
0x00007ff8fc8e0000 - 0x00007ff8fc98d000 	C:\WINDOWS\System32\SHCORE.dll
0x00007ff8fc880000 - 0x00007ff8fc8d5000 	C:\WINDOWS\System32\shlwapi.dll
0x00007ff8fb3e0000 - 0x00007ff8fb405000 	C:\WINDOWS\SYSTEM32\profapi.dll
0x00007ff8ed9f0000 - 0x00007ff8eda03000 	C:\Program Files\Java\jdk-19\bin\net.dll
0x00007ff8f3b10000 - 0x00007ff8f3c1a000 	C:\WINDOWS\SYSTEM32\WINHTTP.dll
0x00007ff8fac50000 - 0x00007ff8facba000 	C:\WINDOWS\system32\mswsock.dll
0x00007ff8ddce0000 - 0x00007ff8ddcf6000 	C:\Program Files\Java\jdk-19\bin\nio.dll
0x00007ff8d7a20000 - 0x00007ff8d7a38000 	C:\Program Files\Java\jdk-19\bin\zip.dll
0x00007ff8bc710000 - 0x00007ff8bc8a1000 	C:\Program Files\Java\jdk-19\bin\awt.dll
0x00007ff8fdbc0000 - 0x00007ff8fdc8d000 	C:\WINDOWS\System32\OLEAUT32.dll
0x00007ff8f8680000 - 0x00007ff8f8710000 	C:\WINDOWS\SYSTEM32\apphelp.dll
0x00007ff8f8df0000 - 0x00007ff8f8e1f000 	C:\WINDOWS\system32\DWMAPI.DLL
0x00007ff8f8a90000 - 0x00007ff8f8b2e000 	C:\WINDOWS\system32\uxtheme.dll
0x00007ff8d0ff0000 - 0x00007ff8d1115000 	C:\WINDOWS\system32\opengl32.dll
0x00007ff8ddf60000 - 0x00007ff8ddf8c000 	C:\WINDOWS\SYSTEM32\GLU32.dll
0x00007ff8fd810000 - 0x00007ff8fd924000 	C:\WINDOWS\System32\MSCTF.dll
0x00007ff8fc000000 - 0x00007ff8fc12b000 	C:\WINDOWS\System32\ole32.dll
0x00007ff8d43f0000 - 0x00007ff8d441e000 	C:\Program Files\Java\jdk-19\bin\javajpeg.dll
0x00007ff8cacf0000 - 0x00007ff8cad76000 	C:\Program Files\Java\jdk-19\bin\freetype.dll
0x00007ff8c8cf0000 - 0x00007ff8c8db5000 	C:\Program Files\Java\jdk-19\bin\fontmanager.dll
0x00007ff8de3f0000 - 0x00007ff8de4ea000 	C:\WINDOWS\SYSTEM32\textinputframework.dll
0x00007ff8f7de0000 - 0x00007ff8f813b000 	C:\WINDOWS\System32\CoreUIComponents.dll
0x00007ff8f82c0000 - 0x00007ff8f83b2000 	C:\WINDOWS\System32\CoreMessaging.dll
0x00007ff8fa630000 - 0x00007ff8fa663000 	C:\WINDOWS\SYSTEM32\ntmarta.dll
0x00007ff8f7580000 - 0x00007ff8f76d5000 	C:\WINDOWS\SYSTEM32\wintypes.dll
0x00007ff8fd940000 - 0x00007ff8fd9e9000 	C:\WINDOWS\System32\clbcatq.dll
0x00007ff8f87f0000 - 0x00007ff8f89a4000 	C:\WINDOWS\SYSTEM32\WindowsCodecs.dll
0x00007ff8fb640000 - 0x00007ff8fb667000 	C:\WINDOWS\System32\bcrypt.dll
0x00007ff8d5a80000 - 0x00007ff8d5abe000 	C:\WINDOWS\system32\dataexchange.dll
0x00007ff8f7750000 - 0x00007ff8f7933000 	C:\WINDOWS\system32\dcomp.dll
0x00007ff8f6720000 - 0x00007ff8f6983000 	C:\WINDOWS\system32\d3d11.dll
0x00007ff8f9d70000 - 0x00007ff8f9e63000 	C:\WINDOWS\system32\dxgi.dll
0x00007ff8f4730000 - 0x00007ff8f4937000 	C:\WINDOWS\system32\twinapi.appcore.dll
0x00007ff8dcfd0000 - 0x00007ff8dd07c000 	C:\WINDOWS\SYSTEM32\TextShaping.dll

dbghelp: loaded successfully - version: 4.0.5 - missing functions: none
symbol engine: initialized successfully - sym options: 0x614 - pdb path: .;C:\Program Files\Java\jdk-19\bin;C:\WINDOWS\SYSTEM32;C:\WINDOWS\WinSxS\amd64_microsoft.windows.common-controls_6595b64144ccf1df_6.0.19041.3636_none_60b6a03d71f818d5;C:\Program Files\Java\jdk-19\bin\server

VM Arguments:
jvm_args: -Dfile.encoding=windows-1252 -XX:+ShowCodeDetailsInExceptionMessages 
java_command: bank_management_system.waitPage
java_class_path (initial): C:\Users\hp\eclipse-workspace\Bank Management System Java\bin;C:\Users\hp\Desktop\BankManagementSystem\Drivers\mysql-connector-java-8.0.28(1).jar;C:\Users\hp\Desktop\BankManagementSystem\Drivers\jcalendar-tz-1.3.3-4(1).jar
Launcher Type: SUN_STANDARD

[Global flags]
     intx CICompilerCount                          = 3                                         {product} {ergonomic}
     uint ConcGCThreads                            = 1                                         {product} {ergonomic}
     uint G1ConcRefinementThreads                  = 4                                         {product} {ergonomic}
   size_t G1HeapRegionSize                         = 1048576                                   {product} {ergonomic}
    uintx GCDrainStackTargetSize                   = 64                                        {product} {ergonomic}
   size_t InitialHeapSize                          = 134217728                                 {product} {ergonomic}
   size_t MarkStackSize                            = 4194304                                   {product} {ergonomic}
   size_t MaxHeapSize                              = 2124414976                                {product} {ergonomic}
   size_t MaxNewSize                               = 1274019840                                {product} {ergonomic}
   size_t MinHeapDeltaBytes                        = 1048576                                   {product} {ergonomic}
   size_t MinHeapSize                              = 8388608                                   {product} {ergonomic}
    uintx NonNMethodCodeHeapSize                   = 5832780                                {pd product} {ergonomic}
    uintx NonProfiledCodeHeapSize                  = 122912730                              {pd product} {ergonomic}
    uintx ProfiledCodeHeapSize                     = 122912730                              {pd product} {ergonomic}
    uintx ReservedCodeCacheSize                    = 251658240                              {pd product} {ergonomic}
     bool SegmentedCodeCache                       = true                                      {product} {ergonomic}
     bool ShowCodeDetailsInExceptionMessages       = true                                   {manageable} {command line}
   size_t SoftMaxHeapSize                          = 2124414976                             {manageable} {ergonomic}
     bool UseCompressedClassPointers               = true                           {product lp64_product} {ergonomic}
     bool UseCompressedOops                        = true                           {product lp64_product} {ergonomic}
     bool UseG1GC                                  = true                                      {product} {ergonomic}
     bool UseLargePagesIndividualAllocation        = false                                  {pd product} {ergonomic}

Logging:
Log output configuration:
 #0: stdout all=warning uptime,level,tags foldmultilines=false
 #1: stderr all=off uptime,level,tags foldmultilines=false

Environment Variables:
PATH=C:/Program Files/Java/jdk-19/bin/server;C:/Program Files/Java/jdk-19/bin;D:\oracle\product\10.2.0\db_5\bin;D:\oracle\product\10.2.0\db_1\bin;C:\Python311\Scripts\;C:\Python311\;C:\Program Files\Common Files\Oracle\Java\javapath;C:\python39\Scripts\;C:\python39\;C:\python3.7\Scripts\;C:\python3.7\;C:\WINDOWS\system32;C:\WINDOWS;C:\WINDOWS\System32\Wbem;C:\WINDOWS\System32\WindowsPowerShell\v1.0\;C:\WINDOWS\System32\OpenSSH\;C:\Program Files\dotnet\;C:\Program Files\Microsoft SQL Server\Client SDK\ODBC\170\Tools\Binn\;C:\Program Files (x86)\Microsoft SQL Server\150\Tools\Binn\;C:\Program Files\Microsoft SQL Server\150\Tools\Binn\;C:\Program Files\Microsoft SQL Server\150\DTS\Binn\;C:\Program Files\Java\jdk-19\bin;C:\Program Files\Common Files\Oracle\Java\javapath;C:\ProgramData\chocolatey\bin;C:\Program Files\MySQL\MySQL Server 8.0\bin;C:\Program Files\nodejs\;C:\Program Files\MySQL\MySQL Shell 8.0\bin\;C:\Program Files (x86)\mingw-w64\i686-8.1.0-posix-dwarf-rt_v6-rev0\mingw32\bin;C:\Users\hp\AppData\Local\Microsoft\WindowsApps;C:\Program Files\CodeBlocks\MinGW\bin;C:\Users\hp\AppData\Local\Programs\Microsoft VS Code\bin;C:\Users\hp\AppData\Roaming\npm;C:\Users\hp\Desktop;
USERNAME=hp
OS=Windows_NT
PROCESSOR_IDENTIFIER=Intel64 Family 6 Model 142 Stepping 9, GenuineIntel
TMP=C:\Users\hp\AppData\Local\Temp
TEMP=C:\Users\hp\AppData\Local\Temp



---------------  S Y S T E M  ---------------

OS:
 Windows 10 , 64 bit Build 19041 (10.0.19041.3636)
OS uptime: 10 days 10:36 hours

CPU: total 4 (initial active 4) (2 cores per cpu, 2 threads per core) family 6 model 142 stepping 9 microcode 0xde, cx8, cmov, fxsr, ht, mmx, 3dnowpref, sse, sse2, sse3, ssse3, sse4.1, sse4.2, popcnt, lzcnt, tsc, tscinvbit, avx, avx2, aes, erms, clmul, bmi1, bmi2, adx, fma, vzeroupper, clflush, clflushopt, rdtscp

Memory: 4k page, system-wide physical 8103M (826M free)
TotalPageFile size 14771M (AvailPageFile size 0M)
current process WorkingSet (physical memory assigned to process): 84M, peak: 84M
current process commit charge ("private bytes"): 221M, peak: 225M

vm_info: Java HotSpot(TM) 64-Bit Server VM (19.0.1+10-21) for windows-amd64 JRE (19.0.1+10-21), built on 2022-09-14T12:45:06Z by "mach5one" with MS VC++ 17.1 (VS2022)

END.
